{"C:\\Users\\LENOVO\\Desktop\\Porfolio Projects\\blog-platform-api\\src\\app.js": {"path":"C:\\Users\\LENOVO\\Desktop\\Porfolio Projects\\blog-platform-api\\src\\app.js","statementMap":{"0":{"start":{"line":11,"column":0},"end":{"line":11,"column":16}},"1":{"start":{"line":13,"column":12},"end":{"line":13,"column":21}},"2":{"start":{"line":14,"column":13},"end":{"line":14,"column":37}},"3":{"start":{"line":17,"column":0},"end":{"line":17,"column":12}},"4":{"start":{"line":20,"column":0},"end":{"line":20,"column":24}},"5":{"start":{"line":23,"column":0},"end":{"line":23,"column":30}},"6":{"start":{"line":24,"column":0},"end":{"line":24,"column":28}},"7":{"start":{"line":25,"column":0},"end":{"line":25,"column":34}},"8":{"start":{"line":26,"column":0},"end":{"line":26,"column":43}},"9":{"start":{"line":27,"column":0},"end":{"line":27,"column":40}},"10":{"start":{"line":30,"column":0},"end":{"line":32,"column":3}},"11":{"start":{"line":31,"column":2},"end":{"line":31,"column":48}}},"fnMap":{"0":{"name":"(anonymous_0)","decl":{"start":{"line":30,"column":17},"end":{"line":30,"column":18}},"loc":{"start":{"line":30,"column":23},"end":{"line":32,"column":1}},"line":30}},"branchMap":{"0":{"loc":{"start":{"line":14,"column":13},"end":{"line":14,"column":37}},"type":"binary-expr","locations":[{"start":{"line":14,"column":13},"end":{"line":14,"column":29}},{"start":{"line":14,"column":33},"end":{"line":14,"column":37}}],"line":14}},"s":{"0":3,"1":3,"2":3,"3":3,"4":3,"5":3,"6":3,"7":3,"8":3,"9":3,"10":3,"11":3},"f":{"0":3},"b":{"0":[3,0]},"inputSourceMap":null,"_coverageSchema":"1a1c01bbd47fc00a2c39e90264f33305004495a9","hash":"c4e08afc5e495232a5d268c1224c3a7b6f97ec33"}
,"C:\\Users\\LENOVO\\Desktop\\Porfolio Projects\\blog-platform-api\\src\\config\\db.js": {"path":"C:\\Users\\LENOVO\\Desktop\\Porfolio Projects\\blog-platform-api\\src\\config\\db.js","statementMap":{"0":{"start":{"line":3,"column":18},"end":{"line":11,"column":1}},"1":{"start":{"line":4,"column":2},"end":{"line":10,"column":3}},"2":{"start":{"line":5,"column":4},"end":{"line":5,"column":52}},"3":{"start":{"line":6,"column":4},"end":{"line":6,"column":37}},"4":{"start":{"line":8,"column":4},"end":{"line":8,"column":64}},"5":{"start":{"line":9,"column":4},"end":{"line":9,"column":20}}},"fnMap":{"0":{"name":"(anonymous_0)","decl":{"start":{"line":3,"column":18},"end":{"line":3,"column":19}},"loc":{"start":{"line":3,"column":30},"end":{"line":11,"column":1}},"line":3}},"branchMap":{},"s":{"0":3,"1":3,"2":3,"3":3,"4":0,"5":0},"f":{"0":3},"b":{},"inputSourceMap":null,"_coverageSchema":"1a1c01bbd47fc00a2c39e90264f33305004495a9","hash":"434c3a7ded8a388496b3e14a55bdfcb12dc7a615"}
,"C:\\Users\\LENOVO\\Desktop\\Porfolio Projects\\blog-platform-api\\src\\controllers\\category.js": {"path":"C:\\Users\\LENOVO\\Desktop\\Porfolio Projects\\blog-platform-api\\src\\controllers\\category.js","statementMap":{"0":{"start":{"line":4,"column":30},"end":{"line":31,"column":1}},"1":{"start":{"line":5,"column":2},"end":{"line":30,"column":3}},"2":{"start":{"line":6,"column":4},"end":{"line":8,"column":5}},"3":{"start":{"line":7,"column":6},"end":{"line":7,"column":65}},"4":{"start":{"line":11,"column":21},"end":{"line":11,"column":29}},"5":{"start":{"line":12,"column":4},"end":{"line":14,"column":5}},"6":{"start":{"line":13,"column":6},"end":{"line":13,"column":73}},"7":{"start":{"line":17,"column":21},"end":{"line":17,"column":53}},"8":{"start":{"line":18,"column":4},"end":{"line":20,"column":5}},"9":{"start":{"line":19,"column":6},"end":{"line":19,"column":74}},"10":{"start":{"line":22,"column":17},"end":{"line":22,"column":61}},"11":{"start":{"line":25,"column":21},"end":{"line":25,"column":49}},"12":{"start":{"line":26,"column":4},"end":{"line":26,"column":26}},"13":{"start":{"line":27,"column":4},"end":{"line":27,"column":42}},"14":{"start":{"line":29,"column":4},"end":{"line":29,"column":61}},"15":{"start":{"line":33,"column":29},"end":{"line":40,"column":1}},"16":{"start":{"line":34,"column":2},"end":{"line":39,"column":3}},"17":{"start":{"line":35,"column":23},"end":{"line":35,"column":62}},"18":{"start":{"line":36,"column":4},"end":{"line":36,"column":44}},"19":{"start":{"line":38,"column":4},"end":{"line":38,"column":60}}},"fnMap":{"0":{"name":"(anonymous_0)","decl":{"start":{"line":4,"column":30},"end":{"line":4,"column":31}},"loc":{"start":{"line":4,"column":50},"end":{"line":31,"column":1}},"line":4},"1":{"name":"(anonymous_1)","decl":{"start":{"line":33,"column":29},"end":{"line":33,"column":30}},"loc":{"start":{"line":33,"column":49},"end":{"line":40,"column":1}},"line":33}},"branchMap":{"0":{"loc":{"start":{"line":6,"column":4},"end":{"line":8,"column":5}},"type":"if","locations":[{"start":{"line":6,"column":4},"end":{"line":8,"column":5}},{"start":{},"end":{}}],"line":6},"1":{"loc":{"start":{"line":12,"column":4},"end":{"line":14,"column":5}},"type":"if","locations":[{"start":{"line":12,"column":4},"end":{"line":14,"column":5}},{"start":{},"end":{}}],"line":12},"2":{"loc":{"start":{"line":18,"column":4},"end":{"line":20,"column":5}},"type":"if","locations":[{"start":{"line":18,"column":4},"end":{"line":20,"column":5}},{"start":{},"end":{}}],"line":18}},"s":{"0":3,"1":0,"2":0,"3":0,"4":0,"5":0,"6":0,"7":0,"8":0,"9":0,"10":0,"11":0,"12":0,"13":0,"14":0,"15":3,"16":0,"17":0,"18":0,"19":0},"f":{"0":0,"1":0},"b":{"0":[0,0],"1":[0,0],"2":[0,0]},"inputSourceMap":null,"_coverageSchema":"1a1c01bbd47fc00a2c39e90264f33305004495a9","hash":"fb493358952cff2db3c4ac11d207478184fd4847"}
,"C:\\Users\\LENOVO\\Desktop\\Porfolio Projects\\blog-platform-api\\src\\controllers\\comment.js": {"path":"C:\\Users\\LENOVO\\Desktop\\Porfolio Projects\\blog-platform-api\\src\\controllers\\comment.js","statementMap":{"0":{"start":{"line":4,"column":29},"end":{"line":20,"column":1}},"1":{"start":{"line":5,"column":2},"end":{"line":19,"column":3}},"2":{"start":{"line":6,"column":32},"end":{"line":6,"column":40}},"3":{"start":{"line":7,"column":4},"end":{"line":9,"column":5}},"4":{"start":{"line":8,"column":6},"end":{"line":8,"column":78}},"5":{"start":{"line":10,"column":20},"end":{"line":14,"column":6}},"6":{"start":{"line":15,"column":4},"end":{"line":15,"column":25}},"7":{"start":{"line":16,"column":4},"end":{"line":16,"column":41}},"8":{"start":{"line":18,"column":4},"end":{"line":18,"column":60}},"9":{"start":{"line":23,"column":27},"end":{"line":47,"column":1}},"10":{"start":{"line":24,"column":2},"end":{"line":46,"column":3}},"11":{"start":{"line":25,"column":23},"end":{"line":25,"column":32}},"12":{"start":{"line":26,"column":4},"end":{"line":28,"column":5}},"13":{"start":{"line":27,"column":6},"end":{"line":27,"column":72}},"14":{"start":{"line":30,"column":24},"end":{"line":30,"column":37}},"15":{"start":{"line":32,"column":21},"end":{"line":42,"column":7}},"16":{"start":{"line":37,"column":8},"end":{"line":41,"column":11}},"17":{"start":{"line":37,"column":42},"end":{"line":41,"column":9}},"18":{"start":{"line":43,"column":4},"end":{"line":43,"column":42}},"19":{"start":{"line":45,"column":4},"end":{"line":45,"column":60}},"20":{"start":{"line":50,"column":27},"end":{"line":72,"column":1}},"21":{"start":{"line":51,"column":2},"end":{"line":71,"column":3}},"22":{"start":{"line":52,"column":20},"end":{"line":52,"column":57}},"23":{"start":{"line":53,"column":4},"end":{"line":55,"column":5}},"24":{"start":{"line":54,"column":6},"end":{"line":54,"column":68}},"25":{"start":{"line":56,"column":4},"end":{"line":58,"column":5}},"26":{"start":{"line":56,"column":36},"end":{"line":56,"column":49}},"27":{"start":{"line":57,"column":6},"end":{"line":57,"column":64}},"28":{"start":{"line":59,"column":4},"end":{"line":61,"column":5}},"29":{"start":{"line":59,"column":39},"end":{"line":59,"column":52}},"30":{"start":{"line":60,"column":6},"end":{"line":60,"column":43}},"31":{"start":{"line":62,"column":4},"end":{"line":62,"column":42}},"32":{"start":{"line":63,"column":4},"end":{"line":63,"column":25}},"33":{"start":{"line":64,"column":4},"end":{"line":68,"column":7}},"34":{"start":{"line":70,"column":4},"end":{"line":70,"column":60}},"35":{"start":{"line":75,"column":30},"end":{"line":97,"column":1}},"36":{"start":{"line":76,"column":2},"end":{"line":96,"column":3}},"37":{"start":{"line":77,"column":20},"end":{"line":77,"column":57}},"38":{"start":{"line":78,"column":4},"end":{"line":80,"column":5}},"39":{"start":{"line":79,"column":6},"end":{"line":79,"column":68}},"40":{"start":{"line":81,"column":4},"end":{"line":83,"column":5}},"41":{"start":{"line":81,"column":39},"end":{"line":81,"column":52}},"42":{"start":{"line":82,"column":6},"end":{"line":82,"column":67}},"43":{"start":{"line":84,"column":4},"end":{"line":86,"column":5}},"44":{"start":{"line":84,"column":36},"end":{"line":84,"column":49}},"45":{"start":{"line":85,"column":6},"end":{"line":85,"column":40}},"46":{"start":{"line":87,"column":4},"end":{"line":87,"column":45}},"47":{"start":{"line":88,"column":4},"end":{"line":88,"column":25}},"48":{"start":{"line":89,"column":4},"end":{"line":93,"column":7}},"49":{"start":{"line":95,"column":4},"end":{"line":95,"column":60}},"50":{"start":{"line":100,"column":38},"end":{"line":128,"column":1}},"51":{"start":{"line":101,"column":2},"end":{"line":127,"column":3}},"52":{"start":{"line":102,"column":20},"end":{"line":102,"column":57}},"53":{"start":{"line":103,"column":4},"end":{"line":105,"column":5}},"54":{"start":{"line":104,"column":6},"end":{"line":104,"column":68}},"55":{"start":{"line":106,"column":4},"end":{"line":114,"column":5}},"56":{"start":{"line":106,"column":36},"end":{"line":106,"column":49}},"57":{"start":{"line":107,"column":6},"end":{"line":107,"column":40}},"58":{"start":{"line":108,"column":6},"end":{"line":108,"column":27}},"59":{"start":{"line":109,"column":6},"end":{"line":113,"column":9}},"60":{"start":{"line":115,"column":4},"end":{"line":123,"column":5}},"61":{"start":{"line":115,"column":39},"end":{"line":115,"column":52}},"62":{"start":{"line":116,"column":6},"end":{"line":116,"column":43}},"63":{"start":{"line":117,"column":6},"end":{"line":117,"column":27}},"64":{"start":{"line":118,"column":6},"end":{"line":122,"column":9}},"65":{"start":{"line":124,"column":4},"end":{"line":124,"column":75}},"66":{"start":{"line":126,"column":4},"end":{"line":126,"column":60}},"67":{"start":{"line":131,"column":29},"end":{"line":151,"column":1}},"68":{"start":{"line":132,"column":2},"end":{"line":150,"column":3}},"69":{"start":{"line":134,"column":20},"end":{"line":134,"column":57}},"70":{"start":{"line":135,"column":4},"end":{"line":137,"column":5}},"71":{"start":{"line":136,"column":6},"end":{"line":136,"column":68}},"72":{"start":{"line":139,"column":4},"end":{"line":144,"column":5}},"73":{"start":{"line":143,"column":6},"end":{"line":143,"column":65}},"74":{"start":{"line":146,"column":4},"end":{"line":146,"column":30}},"75":{"start":{"line":147,"column":4},"end":{"line":147,"column":64}},"76":{"start":{"line":149,"column":4},"end":{"line":149,"column":60}}},"fnMap":{"0":{"name":"(anonymous_0)","decl":{"start":{"line":4,"column":29},"end":{"line":4,"column":30}},"loc":{"start":{"line":4,"column":49},"end":{"line":20,"column":1}},"line":4},"1":{"name":"(anonymous_1)","decl":{"start":{"line":23,"column":27},"end":{"line":23,"column":28}},"loc":{"start":{"line":23,"column":47},"end":{"line":47,"column":1}},"line":23},"2":{"name":"(anonymous_2)","decl":{"start":{"line":36,"column":12},"end":{"line":36,"column":13}},"loc":{"start":{"line":37,"column":8},"end":{"line":41,"column":11}},"line":37},"3":{"name":"(anonymous_3)","decl":{"start":{"line":37,"column":28},"end":{"line":37,"column":29}},"loc":{"start":{"line":37,"column":42},"end":{"line":41,"column":9}},"line":37},"4":{"name":"(anonymous_4)","decl":{"start":{"line":50,"column":27},"end":{"line":50,"column":28}},"loc":{"start":{"line":50,"column":47},"end":{"line":72,"column":1}},"line":50},"5":{"name":"(anonymous_5)","decl":{"start":{"line":56,"column":28},"end":{"line":56,"column":29}},"loc":{"start":{"line":56,"column":36},"end":{"line":56,"column":49}},"line":56},"6":{"name":"(anonymous_6)","decl":{"start":{"line":59,"column":31},"end":{"line":59,"column":32}},"loc":{"start":{"line":59,"column":39},"end":{"line":59,"column":52}},"line":59},"7":{"name":"(anonymous_7)","decl":{"start":{"line":75,"column":30},"end":{"line":75,"column":31}},"loc":{"start":{"line":75,"column":50},"end":{"line":97,"column":1}},"line":75},"8":{"name":"(anonymous_8)","decl":{"start":{"line":81,"column":31},"end":{"line":81,"column":32}},"loc":{"start":{"line":81,"column":39},"end":{"line":81,"column":52}},"line":81},"9":{"name":"(anonymous_9)","decl":{"start":{"line":84,"column":28},"end":{"line":84,"column":29}},"loc":{"start":{"line":84,"column":36},"end":{"line":84,"column":49}},"line":84},"10":{"name":"(anonymous_10)","decl":{"start":{"line":100,"column":38},"end":{"line":100,"column":39}},"loc":{"start":{"line":100,"column":58},"end":{"line":128,"column":1}},"line":100},"11":{"name":"(anonymous_11)","decl":{"start":{"line":106,"column":28},"end":{"line":106,"column":29}},"loc":{"start":{"line":106,"column":36},"end":{"line":106,"column":49}},"line":106},"12":{"name":"(anonymous_12)","decl":{"start":{"line":115,"column":31},"end":{"line":115,"column":32}},"loc":{"start":{"line":115,"column":39},"end":{"line":115,"column":52}},"line":115},"13":{"name":"(anonymous_13)","decl":{"start":{"line":131,"column":29},"end":{"line":131,"column":30}},"loc":{"start":{"line":131,"column":49},"end":{"line":151,"column":1}},"line":131}},"branchMap":{"0":{"loc":{"start":{"line":7,"column":4},"end":{"line":9,"column":5}},"type":"if","locations":[{"start":{"line":7,"column":4},"end":{"line":9,"column":5}},{"start":{},"end":{}}],"line":7},"1":{"loc":{"start":{"line":7,"column":8},"end":{"line":7,"column":27}},"type":"binary-expr","locations":[{"start":{"line":7,"column":8},"end":{"line":7,"column":16}},{"start":{"line":7,"column":20},"end":{"line":7,"column":27}}],"line":7},"2":{"loc":{"start":{"line":26,"column":4},"end":{"line":28,"column":5}},"type":"if","locations":[{"start":{"line":26,"column":4},"end":{"line":28,"column":5}},{"start":{},"end":{}}],"line":26},"3":{"loc":{"start":{"line":26,"column":8},"end":{"line":26,"column":45}},"type":"binary-expr","locations":[{"start":{"line":26,"column":8},"end":{"line":26,"column":15}},{"start":{"line":26,"column":19},"end":{"line":26,"column":45}}],"line":26},"4":{"loc":{"start":{"line":53,"column":4},"end":{"line":55,"column":5}},"type":"if","locations":[{"start":{"line":53,"column":4},"end":{"line":55,"column":5}},{"start":{},"end":{}}],"line":53},"5":{"loc":{"start":{"line":56,"column":4},"end":{"line":58,"column":5}},"type":"if","locations":[{"start":{"line":56,"column":4},"end":{"line":58,"column":5}},{"start":{},"end":{}}],"line":56},"6":{"loc":{"start":{"line":59,"column":4},"end":{"line":61,"column":5}},"type":"if","locations":[{"start":{"line":59,"column":4},"end":{"line":61,"column":5}},{"start":{},"end":{}}],"line":59},"7":{"loc":{"start":{"line":78,"column":4},"end":{"line":80,"column":5}},"type":"if","locations":[{"start":{"line":78,"column":4},"end":{"line":80,"column":5}},{"start":{},"end":{}}],"line":78},"8":{"loc":{"start":{"line":81,"column":4},"end":{"line":83,"column":5}},"type":"if","locations":[{"start":{"line":81,"column":4},"end":{"line":83,"column":5}},{"start":{},"end":{}}],"line":81},"9":{"loc":{"start":{"line":84,"column":4},"end":{"line":86,"column":5}},"type":"if","locations":[{"start":{"line":84,"column":4},"end":{"line":86,"column":5}},{"start":{},"end":{}}],"line":84},"10":{"loc":{"start":{"line":103,"column":4},"end":{"line":105,"column":5}},"type":"if","locations":[{"start":{"line":103,"column":4},"end":{"line":105,"column":5}},{"start":{},"end":{}}],"line":103},"11":{"loc":{"start":{"line":106,"column":4},"end":{"line":114,"column":5}},"type":"if","locations":[{"start":{"line":106,"column":4},"end":{"line":114,"column":5}},{"start":{},"end":{}}],"line":106},"12":{"loc":{"start":{"line":115,"column":4},"end":{"line":123,"column":5}},"type":"if","locations":[{"start":{"line":115,"column":4},"end":{"line":123,"column":5}},{"start":{},"end":{}}],"line":115},"13":{"loc":{"start":{"line":135,"column":4},"end":{"line":137,"column":5}},"type":"if","locations":[{"start":{"line":135,"column":4},"end":{"line":137,"column":5}},{"start":{},"end":{}}],"line":135},"14":{"loc":{"start":{"line":139,"column":4},"end":{"line":144,"column":5}},"type":"if","locations":[{"start":{"line":139,"column":4},"end":{"line":144,"column":5}},{"start":{},"end":{}}],"line":139},"15":{"loc":{"start":{"line":140,"column":6},"end":{"line":141,"column":31}},"type":"binary-expr","locations":[{"start":{"line":140,"column":6},"end":{"line":140,"column":47}},{"start":{"line":141,"column":6},"end":{"line":141,"column":31}}],"line":140}},"s":{"0":3,"1":3,"2":3,"3":3,"4":0,"5":3,"6":3,"7":3,"8":0,"9":3,"10":0,"11":0,"12":0,"13":0,"14":0,"15":0,"16":0,"17":0,"18":0,"19":0,"20":3,"21":0,"22":0,"23":0,"24":0,"25":0,"26":0,"27":0,"28":0,"29":0,"30":0,"31":0,"32":0,"33":0,"34":0,"35":3,"36":0,"37":0,"38":0,"39":0,"40":0,"41":0,"42":0,"43":0,"44":0,"45":0,"46":0,"47":0,"48":0,"49":0,"50":3,"51":0,"52":0,"53":0,"54":0,"55":0,"56":0,"57":0,"58":0,"59":0,"60":0,"61":0,"62":0,"63":0,"64":0,"65":0,"66":0,"67":3,"68":1,"69":1,"70":1,"71":0,"72":1,"73":0,"74":1,"75":1,"76":0},"f":{"0":3,"1":0,"2":0,"3":0,"4":0,"5":0,"6":0,"7":0,"8":0,"9":0,"10":0,"11":0,"12":0,"13":1},"b":{"0":[0,3],"1":[3,3],"2":[0,0],"3":[0,0],"4":[0,0],"5":[0,0],"6":[0,0],"7":[0,0],"8":[0,0],"9":[0,0],"10":[0,0],"11":[0,0],"12":[0,0],"13":[0,1],"14":[0,1],"15":[1,0]},"inputSourceMap":null,"_coverageSchema":"1a1c01bbd47fc00a2c39e90264f33305004495a9","hash":"0d1c562d26f642ccef2d7544280c7e26b03c5d1e"}
,"C:\\Users\\LENOVO\\Desktop\\Porfolio Projects\\blog-platform-api\\src\\controllers\\post.js": {"path":"C:\\Users\\LENOVO\\Desktop\\Porfolio Projects\\blog-platform-api\\src\\controllers\\post.js","statementMap":{"0":{"start":{"line":6,"column":26},"end":{"line":39,"column":1}},"1":{"start":{"line":7,"column":2},"end":{"line":38,"column":3}},"2":{"start":{"line":9,"column":4},"end":{"line":11,"column":5}},"3":{"start":{"line":10,"column":6},"end":{"line":10,"column":65}},"4":{"start":{"line":14,"column":62},"end":{"line":14,"column":70}},"5":{"start":{"line":15,"column":4},"end":{"line":19,"column":5}},"6":{"start":{"line":16,"column":6},"end":{"line":18,"column":9}},"7":{"start":{"line":20,"column":17},"end":{"line":20,"column":62}},"8":{"start":{"line":22,"column":17},"end":{"line":31,"column":6}},"9":{"start":{"line":32,"column":4},"end":{"line":32,"column":22}},"10":{"start":{"line":33,"column":4},"end":{"line":33,"column":38}},"11":{"start":{"line":35,"column":4},"end":{"line":37,"column":7}},"12":{"start":{"line":42,"column":24},"end":{"line":87,"column":1}},"13":{"start":{"line":43,"column":2},"end":{"line":86,"column":3}},"14":{"start":{"line":45,"column":17},"end":{"line":45,"column":50}},"15":{"start":{"line":46,"column":18},"end":{"line":46,"column":53}},"16":{"start":{"line":47,"column":17},"end":{"line":47,"column":35}},"17":{"start":{"line":50,"column":30},"end":{"line":50,"column":39}},"18":{"start":{"line":52,"column":18},"end":{"line":52,"column":41}},"19":{"start":{"line":53,"column":4},"end":{"line":53,"column":44}},"20":{"start":{"line":53,"column":18},"end":{"line":53,"column":44}},"21":{"start":{"line":54,"column":4},"end":{"line":54,"column":30}},"22":{"start":{"line":54,"column":13},"end":{"line":54,"column":30}},"23":{"start":{"line":57,"column":18},"end":{"line":62,"column":19}},"24":{"start":{"line":65,"column":18},"end":{"line":65,"column":50}},"25":{"start":{"line":68,"column":4},"end":{"line":83,"column":7}},"26":{"start":{"line":70,"column":24},"end":{"line":70,"column":39}},"27":{"start":{"line":71,"column":8},"end":{"line":75,"column":10}},"28":{"start":{"line":85,"column":4},"end":{"line":85,"column":60}},"29":{"start":{"line":90,"column":23},"end":{"line":104,"column":1}},"30":{"start":{"line":91,"column":2},"end":{"line":103,"column":3}},"31":{"start":{"line":92,"column":17},"end":{"line":95,"column":5}},"32":{"start":{"line":96,"column":4},"end":{"line":98,"column":5}},"33":{"start":{"line":97,"column":6},"end":{"line":97,"column":65}},"34":{"start":{"line":100,"column":4},"end":{"line":100,"column":38}},"35":{"start":{"line":102,"column":4},"end":{"line":102,"column":60}},"36":{"start":{"line":107,"column":26},"end":{"line":132,"column":1}},"37":{"start":{"line":108,"column":2},"end":{"line":131,"column":3}},"38":{"start":{"line":109,"column":39},"end":{"line":109,"column":47}},"39":{"start":{"line":110,"column":17},"end":{"line":110,"column":51}},"40":{"start":{"line":112,"column":4},"end":{"line":114,"column":5}},"41":{"start":{"line":113,"column":6},"end":{"line":113,"column":65}},"42":{"start":{"line":116,"column":4},"end":{"line":118,"column":5}},"43":{"start":{"line":117,"column":6},"end":{"line":117,"column":65}},"44":{"start":{"line":121,"column":17},"end":{"line":121,"column":62}},"45":{"start":{"line":123,"column":4},"end":{"line":123,"column":37}},"46":{"start":{"line":124,"column":4},"end":{"line":124,"column":43}},"47":{"start":{"line":125,"column":4},"end":{"line":125,"column":40}},"48":{"start":{"line":126,"column":4},"end":{"line":126,"column":21}},"49":{"start":{"line":127,"column":4},"end":{"line":127,"column":22}},"50":{"start":{"line":128,"column":4},"end":{"line":128,"column":38}},"51":{"start":{"line":130,"column":4},"end":{"line":130,"column":60}},"52":{"start":{"line":135,"column":26},"end":{"line":150,"column":1}},"53":{"start":{"line":136,"column":2},"end":{"line":149,"column":3}},"54":{"start":{"line":137,"column":17},"end":{"line":137,"column":51}},"55":{"start":{"line":138,"column":4},"end":{"line":140,"column":5}},"56":{"start":{"line":139,"column":6},"end":{"line":139,"column":65}},"57":{"start":{"line":141,"column":4},"end":{"line":143,"column":5}},"58":{"start":{"line":142,"column":6},"end":{"line":142,"column":65}},"59":{"start":{"line":145,"column":4},"end":{"line":145,"column":27}},"60":{"start":{"line":146,"column":4},"end":{"line":146,"column":61}},"61":{"start":{"line":148,"column":4},"end":{"line":148,"column":60}},"62":{"start":{"line":153,"column":24},"end":{"line":180,"column":1}},"63":{"start":{"line":154,"column":2},"end":{"line":179,"column":3}},"64":{"start":{"line":156,"column":17},"end":{"line":156,"column":51}},"65":{"start":{"line":157,"column":4},"end":{"line":159,"column":5}},"66":{"start":{"line":158,"column":6},"end":{"line":158,"column":65}},"67":{"start":{"line":162,"column":4},"end":{"line":164,"column":5}},"68":{"start":{"line":162,"column":33},"end":{"line":162,"column":46}},"69":{"start":{"line":163,"column":6},"end":{"line":163,"column":64}},"70":{"start":{"line":167,"column":4},"end":{"line":169,"column":5}},"71":{"start":{"line":167,"column":36},"end":{"line":167,"column":49}},"72":{"start":{"line":168,"column":6},"end":{"line":168,"column":40}},"73":{"start":{"line":172,"column":4},"end":{"line":172,"column":39}},"74":{"start":{"line":173,"column":4},"end":{"line":173,"column":22}},"75":{"start":{"line":174,"column":4},"end":{"line":176,"column":62}},"76":{"start":{"line":178,"column":4},"end":{"line":178,"column":60}},"77":{"start":{"line":183,"column":27},"end":{"line":213,"column":1}},"78":{"start":{"line":184,"column":2},"end":{"line":212,"column":3}},"79":{"start":{"line":186,"column":17},"end":{"line":186,"column":51}},"80":{"start":{"line":187,"column":4},"end":{"line":189,"column":5}},"81":{"start":{"line":188,"column":6},"end":{"line":188,"column":65}},"82":{"start":{"line":192,"column":4},"end":{"line":194,"column":5}},"83":{"start":{"line":192,"column":36},"end":{"line":192,"column":49}},"84":{"start":{"line":193,"column":6},"end":{"line":193,"column":67}},"85":{"start":{"line":197,"column":4},"end":{"line":199,"column":5}},"86":{"start":{"line":197,"column":33},"end":{"line":197,"column":46}},"87":{"start":{"line":198,"column":6},"end":{"line":198,"column":37}},"88":{"start":{"line":202,"column":4},"end":{"line":202,"column":42}},"89":{"start":{"line":203,"column":4},"end":{"line":203,"column":22}},"90":{"start":{"line":204,"column":4},"end":{"line":209,"column":7}},"91":{"start":{"line":211,"column":4},"end":{"line":211,"column":60}},"92":{"start":{"line":216,"column":31},"end":{"line":249,"column":1}},"93":{"start":{"line":217,"column":2},"end":{"line":248,"column":3}},"94":{"start":{"line":219,"column":17},"end":{"line":219,"column":51}},"95":{"start":{"line":220,"column":4},"end":{"line":222,"column":5}},"96":{"start":{"line":221,"column":6},"end":{"line":221,"column":65}},"97":{"start":{"line":225,"column":4},"end":{"line":233,"column":5}},"98":{"start":{"line":225,"column":33},"end":{"line":225,"column":46}},"99":{"start":{"line":226,"column":6},"end":{"line":226,"column":37}},"100":{"start":{"line":227,"column":6},"end":{"line":227,"column":24}},"101":{"start":{"line":228,"column":6},"end":{"line":232,"column":9}},"102":{"start":{"line":236,"column":4},"end":{"line":244,"column":5}},"103":{"start":{"line":236,"column":36},"end":{"line":236,"column":49}},"104":{"start":{"line":237,"column":6},"end":{"line":237,"column":40}},"105":{"start":{"line":238,"column":6},"end":{"line":238,"column":24}},"106":{"start":{"line":239,"column":6},"end":{"line":243,"column":9}},"107":{"start":{"line":245,"column":4},"end":{"line":245,"column":75}},"108":{"start":{"line":247,"column":4},"end":{"line":247,"column":61}}},"fnMap":{"0":{"name":"(anonymous_0)","decl":{"start":{"line":6,"column":26},"end":{"line":6,"column":27}},"loc":{"start":{"line":6,"column":46},"end":{"line":39,"column":1}},"line":6},"1":{"name":"(anonymous_1)","decl":{"start":{"line":42,"column":24},"end":{"line":42,"column":25}},"loc":{"start":{"line":42,"column":44},"end":{"line":87,"column":1}},"line":42},"2":{"name":"(anonymous_2)","decl":{"start":{"line":69,"column":23},"end":{"line":69,"column":24}},"loc":{"start":{"line":69,"column":33},"end":{"line":76,"column":7}},"line":69},"3":{"name":"(anonymous_3)","decl":{"start":{"line":90,"column":23},"end":{"line":90,"column":24}},"loc":{"start":{"line":90,"column":43},"end":{"line":104,"column":1}},"line":90},"4":{"name":"(anonymous_4)","decl":{"start":{"line":107,"column":26},"end":{"line":107,"column":27}},"loc":{"start":{"line":107,"column":46},"end":{"line":132,"column":1}},"line":107},"5":{"name":"(anonymous_5)","decl":{"start":{"line":135,"column":26},"end":{"line":135,"column":27}},"loc":{"start":{"line":135,"column":46},"end":{"line":150,"column":1}},"line":135},"6":{"name":"(anonymous_6)","decl":{"start":{"line":153,"column":24},"end":{"line":153,"column":25}},"loc":{"start":{"line":153,"column":44},"end":{"line":180,"column":1}},"line":153},"7":{"name":"(anonymous_7)","decl":{"start":{"line":162,"column":25},"end":{"line":162,"column":26}},"loc":{"start":{"line":162,"column":33},"end":{"line":162,"column":46}},"line":162},"8":{"name":"(anonymous_8)","decl":{"start":{"line":167,"column":28},"end":{"line":167,"column":29}},"loc":{"start":{"line":167,"column":36},"end":{"line":167,"column":49}},"line":167},"9":{"name":"(anonymous_9)","decl":{"start":{"line":183,"column":27},"end":{"line":183,"column":28}},"loc":{"start":{"line":183,"column":47},"end":{"line":213,"column":1}},"line":183},"10":{"name":"(anonymous_10)","decl":{"start":{"line":192,"column":28},"end":{"line":192,"column":29}},"loc":{"start":{"line":192,"column":36},"end":{"line":192,"column":49}},"line":192},"11":{"name":"(anonymous_11)","decl":{"start":{"line":197,"column":25},"end":{"line":197,"column":26}},"loc":{"start":{"line":197,"column":33},"end":{"line":197,"column":46}},"line":197},"12":{"name":"(anonymous_12)","decl":{"start":{"line":216,"column":31},"end":{"line":216,"column":32}},"loc":{"start":{"line":216,"column":51},"end":{"line":249,"column":1}},"line":216},"13":{"name":"(anonymous_13)","decl":{"start":{"line":225,"column":25},"end":{"line":225,"column":26}},"loc":{"start":{"line":225,"column":33},"end":{"line":225,"column":46}},"line":225},"14":{"name":"(anonymous_14)","decl":{"start":{"line":236,"column":28},"end":{"line":236,"column":29}},"loc":{"start":{"line":236,"column":36},"end":{"line":236,"column":49}},"line":236}},"branchMap":{"0":{"loc":{"start":{"line":9,"column":4},"end":{"line":11,"column":5}},"type":"if","locations":[{"start":{"line":9,"column":4},"end":{"line":11,"column":5}},{"start":{},"end":{}}],"line":9},"1":{"loc":{"start":{"line":9,"column":8},"end":{"line":9,"column":63}},"type":"binary-expr","locations":[{"start":{"line":9,"column":8},"end":{"line":9,"column":34}},{"start":{"line":9,"column":38},"end":{"line":9,"column":63}}],"line":9},"2":{"loc":{"start":{"line":15,"column":4},"end":{"line":19,"column":5}},"type":"if","locations":[{"start":{"line":15,"column":4},"end":{"line":19,"column":5}},{"start":{},"end":{}}],"line":15},"3":{"loc":{"start":{"line":15,"column":8},"end":{"line":15,"column":39}},"type":"binary-expr","locations":[{"start":{"line":15,"column":8},"end":{"line":15,"column":14}},{"start":{"line":15,"column":18},"end":{"line":15,"column":26}},{"start":{"line":15,"column":30},"end":{"line":15,"column":39}}],"line":15},"4":{"loc":{"start":{"line":25,"column":14},"end":{"line":25,"column":31}},"type":"binary-expr","locations":[{"start":{"line":25,"column":14},"end":{"line":25,"column":20}},{"start":{"line":25,"column":24},"end":{"line":25,"column":31}}],"line":25},"5":{"loc":{"start":{"line":26,"column":13},"end":{"line":26,"column":26}},"type":"binary-expr","locations":[{"start":{"line":26,"column":13},"end":{"line":26,"column":18}},{"start":{"line":26,"column":22},"end":{"line":26,"column":26}}],"line":26},"6":{"loc":{"start":{"line":29,"column":12},"end":{"line":29,"column":22}},"type":"binary-expr","locations":[{"start":{"line":29,"column":12},"end":{"line":29,"column":16}},{"start":{"line":29,"column":20},"end":{"line":29,"column":22}}],"line":29},"7":{"loc":{"start":{"line":45,"column":17},"end":{"line":45,"column":50}},"type":"binary-expr","locations":[{"start":{"line":45,"column":17},"end":{"line":45,"column":45}},{"start":{"line":45,"column":49},"end":{"line":45,"column":50}}],"line":45},"8":{"loc":{"start":{"line":46,"column":18},"end":{"line":46,"column":53}},"type":"binary-expr","locations":[{"start":{"line":46,"column":18},"end":{"line":46,"column":47}},{"start":{"line":46,"column":51},"end":{"line":46,"column":53}}],"line":46},"9":{"loc":{"start":{"line":53,"column":4},"end":{"line":53,"column":44}},"type":"if","locations":[{"start":{"line":53,"column":4},"end":{"line":53,"column":44}},{"start":{},"end":{}}],"line":53},"10":{"loc":{"start":{"line":54,"column":4},"end":{"line":54,"column":30}},"type":"if","locations":[{"start":{"line":54,"column":4},"end":{"line":54,"column":30}},{"start":{},"end":{}}],"line":54},"11":{"loc":{"start":{"line":96,"column":4},"end":{"line":98,"column":5}},"type":"if","locations":[{"start":{"line":96,"column":4},"end":{"line":98,"column":5}},{"start":{},"end":{}}],"line":96},"12":{"loc":{"start":{"line":96,"column":8},"end":{"line":96,"column":44}},"type":"binary-expr","locations":[{"start":{"line":96,"column":8},"end":{"line":96,"column":13}},{"start":{"line":96,"column":17},"end":{"line":96,"column":44}}],"line":96},"13":{"loc":{"start":{"line":112,"column":4},"end":{"line":114,"column":5}},"type":"if","locations":[{"start":{"line":112,"column":4},"end":{"line":114,"column":5}},{"start":{},"end":{}}],"line":112},"14":{"loc":{"start":{"line":116,"column":4},"end":{"line":118,"column":5}},"type":"if","locations":[{"start":{"line":116,"column":4},"end":{"line":118,"column":5}},{"start":{},"end":{}}],"line":116},"15":{"loc":{"start":{"line":116,"column":8},"end":{"line":116,"column":75}},"type":"binary-expr","locations":[{"start":{"line":116,"column":8},"end":{"line":116,"column":46}},{"start":{"line":116,"column":50},"end":{"line":116,"column":75}}],"line":116},"16":{"loc":{"start":{"line":123,"column":17},"end":{"line":123,"column":36}},"type":"binary-expr","locations":[{"start":{"line":123,"column":17},"end":{"line":123,"column":22}},{"start":{"line":123,"column":26},"end":{"line":123,"column":36}}],"line":123},"17":{"loc":{"start":{"line":124,"column":19},"end":{"line":124,"column":42}},"type":"binary-expr","locations":[{"start":{"line":124,"column":19},"end":{"line":124,"column":26}},{"start":{"line":124,"column":30},"end":{"line":124,"column":42}}],"line":124},"18":{"loc":{"start":{"line":125,"column":18},"end":{"line":125,"column":39}},"type":"binary-expr","locations":[{"start":{"line":125,"column":18},"end":{"line":125,"column":24}},{"start":{"line":125,"column":28},"end":{"line":125,"column":39}}],"line":125},"19":{"loc":{"start":{"line":138,"column":4},"end":{"line":140,"column":5}},"type":"if","locations":[{"start":{"line":138,"column":4},"end":{"line":140,"column":5}},{"start":{},"end":{}}],"line":138},"20":{"loc":{"start":{"line":141,"column":4},"end":{"line":143,"column":5}},"type":"if","locations":[{"start":{"line":141,"column":4},"end":{"line":143,"column":5}},{"start":{},"end":{}}],"line":141},"21":{"loc":{"start":{"line":141,"column":8},"end":{"line":141,"column":75}},"type":"binary-expr","locations":[{"start":{"line":141,"column":8},"end":{"line":141,"column":46}},{"start":{"line":141,"column":50},"end":{"line":141,"column":75}}],"line":141},"22":{"loc":{"start":{"line":157,"column":4},"end":{"line":159,"column":5}},"type":"if","locations":[{"start":{"line":157,"column":4},"end":{"line":159,"column":5}},{"start":{},"end":{}}],"line":157},"23":{"loc":{"start":{"line":162,"column":4},"end":{"line":164,"column":5}},"type":"if","locations":[{"start":{"line":162,"column":4},"end":{"line":164,"column":5}},{"start":{},"end":{}}],"line":162},"24":{"loc":{"start":{"line":167,"column":4},"end":{"line":169,"column":5}},"type":"if","locations":[{"start":{"line":167,"column":4},"end":{"line":169,"column":5}},{"start":{},"end":{}}],"line":167},"25":{"loc":{"start":{"line":187,"column":4},"end":{"line":189,"column":5}},"type":"if","locations":[{"start":{"line":187,"column":4},"end":{"line":189,"column":5}},{"start":{},"end":{}}],"line":187},"26":{"loc":{"start":{"line":192,"column":4},"end":{"line":194,"column":5}},"type":"if","locations":[{"start":{"line":192,"column":4},"end":{"line":194,"column":5}},{"start":{},"end":{}}],"line":192},"27":{"loc":{"start":{"line":197,"column":4},"end":{"line":199,"column":5}},"type":"if","locations":[{"start":{"line":197,"column":4},"end":{"line":199,"column":5}},{"start":{},"end":{}}],"line":197},"28":{"loc":{"start":{"line":220,"column":4},"end":{"line":222,"column":5}},"type":"if","locations":[{"start":{"line":220,"column":4},"end":{"line":222,"column":5}},{"start":{},"end":{}}],"line":220},"29":{"loc":{"start":{"line":225,"column":4},"end":{"line":233,"column":5}},"type":"if","locations":[{"start":{"line":225,"column":4},"end":{"line":233,"column":5}},{"start":{},"end":{}}],"line":225},"30":{"loc":{"start":{"line":236,"column":4},"end":{"line":244,"column":5}},"type":"if","locations":[{"start":{"line":236,"column":4},"end":{"line":244,"column":5}},{"start":{},"end":{}}],"line":236}},"s":{"0":3,"1":5,"2":5,"3":0,"4":5,"5":5,"6":0,"7":5,"8":5,"9":5,"10":5,"11":0,"12":3,"13":1,"14":1,"15":1,"16":1,"17":1,"18":1,"19":1,"20":0,"21":1,"22":0,"23":1,"24":1,"25":1,"26":1,"27":1,"28":0,"29":3,"30":0,"31":0,"32":0,"33":0,"34":0,"35":0,"36":3,"37":0,"38":0,"39":0,"40":0,"41":0,"42":0,"43":0,"44":0,"45":0,"46":0,"47":0,"48":0,"49":0,"50":0,"51":0,"52":3,"53":0,"54":0,"55":0,"56":0,"57":0,"58":0,"59":0,"60":0,"61":0,"62":3,"63":0,"64":0,"65":0,"66":0,"67":0,"68":0,"69":0,"70":0,"71":0,"72":0,"73":0,"74":0,"75":0,"76":0,"77":3,"78":0,"79":0,"80":0,"81":0,"82":0,"83":0,"84":0,"85":0,"86":0,"87":0,"88":0,"89":0,"90":0,"91":0,"92":3,"93":0,"94":0,"95":0,"96":0,"97":0,"98":0,"99":0,"100":0,"101":0,"102":0,"103":0,"104":0,"105":0,"106":0,"107":0,"108":0},"f":{"0":5,"1":1,"2":1,"3":0,"4":0,"5":0,"6":0,"7":0,"8":0,"9":0,"10":0,"11":0,"12":0,"13":0,"14":0},"b":{"0":[0,5],"1":[5,0],"2":[0,5],"3":[5,5,5],"4":[5,0],"5":[5,5],"6":[5,4],"7":[1,1],"8":[1,1],"9":[0,1],"10":[0,1],"11":[0,0],"12":[0,0],"13":[0,0],"14":[0,0],"15":[0,0],"16":[0,0],"17":[0,0],"18":[0,0],"19":[0,0],"20":[0,0],"21":[0,0],"22":[0,0],"23":[0,0],"24":[0,0],"25":[0,0],"26":[0,0],"27":[0,0],"28":[0,0],"29":[0,0],"30":[0,0]},"inputSourceMap":null,"_coverageSchema":"1a1c01bbd47fc00a2c39e90264f33305004495a9","hash":"b3f3fb3b51138d4c20759954dd3ffcd23f1c935f"}
,"C:\\Users\\LENOVO\\Desktop\\Porfolio Projects\\blog-platform-api\\src\\controllers\\profile.js": {"path":"C:\\Users\\LENOVO\\Desktop\\Porfolio Projects\\blog-platform-api\\src\\controllers\\profile.js","statementMap":{"0":{"start":{"line":3,"column":19},"end":{"line":19,"column":1}},"1":{"start":{"line":4,"column":2},"end":{"line":18,"column":3}},"2":{"start":{"line":6,"column":17},"end":{"line":6,"column":69}},"3":{"start":{"line":7,"column":4},"end":{"line":11,"column":5}},"4":{"start":{"line":8,"column":6},"end":{"line":10,"column":9}},"5":{"start":{"line":13,"column":4},"end":{"line":13,"column":42}},"6":{"start":{"line":15,"column":4},"end":{"line":17,"column":7}}},"fnMap":{"0":{"name":"(anonymous_0)","decl":{"start":{"line":3,"column":19},"end":{"line":3,"column":20}},"loc":{"start":{"line":3,"column":39},"end":{"line":19,"column":1}},"line":3}},"branchMap":{"0":{"loc":{"start":{"line":7,"column":4},"end":{"line":11,"column":5}},"type":"if","locations":[{"start":{"line":7,"column":4},"end":{"line":11,"column":5}},{"start":{},"end":{}}],"line":7}},"s":{"0":3,"1":0,"2":0,"3":0,"4":0,"5":0,"6":0},"f":{"0":0},"b":{"0":[0,0]},"inputSourceMap":null,"_coverageSchema":"1a1c01bbd47fc00a2c39e90264f33305004495a9","hash":"50b7deb0852d70782bb513b809a72dc6ecc30311"}
,"C:\\Users\\LENOVO\\Desktop\\Porfolio Projects\\blog-platform-api\\src\\controllers\\user.js": {"path":"C:\\Users\\LENOVO\\Desktop\\Porfolio Projects\\blog-platform-api\\src\\controllers\\user.js","statementMap":{"0":{"start":{"line":6,"column":24},"end":{"line":42,"column":1}},"1":{"start":{"line":7,"column":2},"end":{"line":41,"column":3}},"2":{"start":{"line":8,"column":48},"end":{"line":8,"column":56}},"3":{"start":{"line":11,"column":25},"end":{"line":11,"column":54}},"4":{"start":{"line":12,"column":4},"end":{"line":16,"column":5}},"5":{"start":{"line":13,"column":6},"end":{"line":15,"column":9}},"6":{"start":{"line":19,"column":17},"end":{"line":19,"column":62}},"7":{"start":{"line":20,"column":4},"end":{"line":20,"column":22}},"8":{"start":{"line":23,"column":18},"end":{"line":30,"column":5}},"9":{"start":{"line":32,"column":4},"end":{"line":36,"column":7}},"10":{"start":{"line":38,"column":4},"end":{"line":40,"column":7}},"11":{"start":{"line":46,"column":21},"end":{"line":83,"column":1}},"12":{"start":{"line":47,"column":2},"end":{"line":82,"column":3}},"13":{"start":{"line":48,"column":32},"end":{"line":48,"column":40}},"14":{"start":{"line":51,"column":17},"end":{"line":51,"column":46}},"15":{"start":{"line":52,"column":4},"end":{"line":56,"column":5}},"16":{"start":{"line":53,"column":6},"end":{"line":55,"column":9}},"17":{"start":{"line":59,"column":20},"end":{"line":59,"column":65}},"18":{"start":{"line":60,"column":4},"end":{"line":64,"column":5}},"19":{"start":{"line":61,"column":6},"end":{"line":63,"column":9}},"20":{"start":{"line":67,"column":18},"end":{"line":71,"column":5}},"21":{"start":{"line":73,"column":4},"end":{"line":77,"column":7}},"22":{"start":{"line":79,"column":4},"end":{"line":81,"column":7}}},"fnMap":{"0":{"name":"(anonymous_0)","decl":{"start":{"line":6,"column":24},"end":{"line":6,"column":25}},"loc":{"start":{"line":6,"column":44},"end":{"line":42,"column":1}},"line":6},"1":{"name":"(anonymous_1)","decl":{"start":{"line":46,"column":21},"end":{"line":46,"column":22}},"loc":{"start":{"line":46,"column":41},"end":{"line":83,"column":1}},"line":46}},"branchMap":{"0":{"loc":{"start":{"line":12,"column":4},"end":{"line":16,"column":5}},"type":"if","locations":[{"start":{"line":12,"column":4},"end":{"line":16,"column":5}},{"start":{},"end":{}}],"line":12},"1":{"loc":{"start":{"line":52,"column":4},"end":{"line":56,"column":5}},"type":"if","locations":[{"start":{"line":52,"column":4},"end":{"line":56,"column":5}},{"start":{},"end":{}}],"line":52},"2":{"loc":{"start":{"line":60,"column":4},"end":{"line":64,"column":5}},"type":"if","locations":[{"start":{"line":60,"column":4},"end":{"line":64,"column":5}},{"start":{},"end":{}}],"line":60}},"s":{"0":3,"1":10,"2":10,"3":10,"4":10,"5":1,"6":9,"7":9,"8":9,"9":9,"10":0,"11":3,"12":1,"13":1,"14":1,"15":1,"16":0,"17":1,"18":1,"19":0,"20":1,"21":1,"22":0},"f":{"0":10,"1":1},"b":{"0":[1,9],"1":[0,1],"2":[0,1]},"inputSourceMap":null,"_coverageSchema":"1a1c01bbd47fc00a2c39e90264f33305004495a9","hash":"1bf2ba382f533ebcc0268eff797f04e92e94eb55"}
,"C:\\Users\\LENOVO\\Desktop\\Porfolio Projects\\blog-platform-api\\src\\middleware\\auth.js": {"path":"C:\\Users\\LENOVO\\Desktop\\Porfolio Projects\\blog-platform-api\\src\\middleware\\auth.js","statementMap":{"0":{"start":{"line":3,"column":13},"end":{"line":16,"column":1}},"1":{"start":{"line":4,"column":16},"end":{"line":4,"column":67}},"2":{"start":{"line":5,"column":2},"end":{"line":7,"column":3}},"3":{"start":{"line":6,"column":4},"end":{"line":6,"column":79}},"4":{"start":{"line":9,"column":2},"end":{"line":15,"column":3}},"5":{"start":{"line":10,"column":20},"end":{"line":10,"column":61}},"6":{"start":{"line":11,"column":4},"end":{"line":11,"column":23}},"7":{"start":{"line":12,"column":4},"end":{"line":12,"column":18}},"8":{"start":{"line":14,"column":4},"end":{"line":14,"column":62}}},"fnMap":{"0":{"name":"(anonymous_0)","decl":{"start":{"line":3,"column":13},"end":{"line":3,"column":14}},"loc":{"start":{"line":3,"column":33},"end":{"line":16,"column":1}},"line":3}},"branchMap":{"0":{"loc":{"start":{"line":5,"column":2},"end":{"line":7,"column":3}},"type":"if","locations":[{"start":{"line":5,"column":2},"end":{"line":7,"column":3}},{"start":{},"end":{}}],"line":5}},"s":{"0":3,"1":11,"2":11,"3":2,"4":9,"5":9,"6":9,"7":9,"8":0},"f":{"0":11},"b":{"0":[2,9]},"inputSourceMap":null,"_coverageSchema":"1a1c01bbd47fc00a2c39e90264f33305004495a9","hash":"3991b5292ab2184f59ed0d5f2f264a1dbdc70c54"}
,"C:\\Users\\LENOVO\\Desktop\\Porfolio Projects\\blog-platform-api\\src\\models\\category.js": {"path":"C:\\Users\\LENOVO\\Desktop\\Porfolio Projects\\blog-platform-api\\src\\models\\category.js","statementMap":{"0":{"start":{"line":4,"column":23},"end":{"line":20,"column":1}},"1":{"start":{"line":28,"column":17},"end":{"line":28,"column":59}}},"fnMap":{},"branchMap":{},"s":{"0":3,"1":3},"f":{},"b":{},"inputSourceMap":null,"_coverageSchema":"1a1c01bbd47fc00a2c39e90264f33305004495a9","hash":"7b3fbe0fa8f75d41d8ff6972a931510206bbef17"}
,"C:\\Users\\LENOVO\\Desktop\\Porfolio Projects\\blog-platform-api\\src\\models\\comment.js": {"path":"C:\\Users\\LENOVO\\Desktop\\Porfolio Projects\\blog-platform-api\\src\\models\\comment.js","statementMap":{"0":{"start":{"line":3,"column":22},"end":{"line":40,"column":1}},"1":{"start":{"line":42,"column":16},"end":{"line":42,"column":56}}},"fnMap":{},"branchMap":{},"s":{"0":3,"1":3},"f":{},"b":{},"inputSourceMap":null,"_coverageSchema":"1a1c01bbd47fc00a2c39e90264f33305004495a9","hash":"2034c72ad2b14fe59fb2c32e670117a3e2159eba"}
,"C:\\Users\\LENOVO\\Desktop\\Porfolio Projects\\blog-platform-api\\src\\models\\post.js": {"path":"C:\\Users\\LENOVO\\Desktop\\Porfolio Projects\\blog-platform-api\\src\\models\\post.js","statementMap":{"0":{"start":{"line":6,"column":19},"end":{"line":67,"column":1}},"1":{"start":{"line":74,"column":0},"end":{"line":74,"column":30}},"2":{"start":{"line":76,"column":13},"end":{"line":76,"column":47}}},"fnMap":{},"branchMap":{},"s":{"0":3,"1":3,"2":3},"f":{},"b":{},"inputSourceMap":null,"_coverageSchema":"1a1c01bbd47fc00a2c39e90264f33305004495a9","hash":"64768fc53c252c7487da4dc8f2b568de9c914ad1"}
,"C:\\Users\\LENOVO\\Desktop\\Porfolio Projects\\blog-platform-api\\src\\models\\user.js": {"path":"C:\\Users\\LENOVO\\Desktop\\Porfolio Projects\\blog-platform-api\\src\\models\\user.js","statementMap":{"0":{"start":{"line":4,"column":19},"end":{"line":32,"column":1}},"1":{"start":{"line":35,"column":0},"end":{"line":39,"column":3}},"2":{"start":{"line":36,"column":2},"end":{"line":36,"column":43}},"3":{"start":{"line":36,"column":36},"end":{"line":36,"column":43}},"4":{"start":{"line":37,"column":15},"end":{"line":37,"column":39}},"5":{"start":{"line":38,"column":2},"end":{"line":38,"column":57}},"6":{"start":{"line":41,"column":13},"end":{"line":41,"column":47}}},"fnMap":{"0":{"name":"hashPasswordIfModified","decl":{"start":{"line":35,"column":38},"end":{"line":35,"column":60}},"loc":{"start":{"line":35,"column":63},"end":{"line":39,"column":1}},"line":35}},"branchMap":{"0":{"loc":{"start":{"line":36,"column":2},"end":{"line":36,"column":43}},"type":"if","locations":[{"start":{"line":36,"column":2},"end":{"line":36,"column":43}},{"start":{},"end":{}}],"line":36}},"s":{"0":3,"1":3,"2":9,"3":0,"4":9,"5":9,"6":3},"f":{"0":9},"b":{"0":[0,9]},"inputSourceMap":null,"_coverageSchema":"1a1c01bbd47fc00a2c39e90264f33305004495a9","hash":"57dc855b6880a4339bcb6a09a22063d477122035"}
,"C:\\Users\\LENOVO\\Desktop\\Porfolio Projects\\blog-platform-api\\src\\routes\\category.js": {"path":"C:\\Users\\LENOVO\\Desktop\\Porfolio Projects\\blog-platform-api\\src\\routes\\category.js","statementMap":{"0":{"start":{"line":5,"column":15},"end":{"line":5,"column":31}},"1":{"start":{"line":7,"column":0},"end":{"line":7,"column":31}},"2":{"start":{"line":8,"column":0},"end":{"line":8,"column":39}}},"fnMap":{},"branchMap":{},"s":{"0":3,"1":3,"2":3},"f":{},"b":{},"inputSourceMap":null,"_coverageSchema":"1a1c01bbd47fc00a2c39e90264f33305004495a9","hash":"d78bbb1713529d620e10aea9b8e491570f210931"}
,"C:\\Users\\LENOVO\\Desktop\\Porfolio Projects\\blog-platform-api\\src\\routes\\comment.js": {"path":"C:\\Users\\LENOVO\\Desktop\\Porfolio Projects\\blog-platform-api\\src\\routes\\comment.js","statementMap":{"0":{"start":{"line":13,"column":15},"end":{"line":13,"column":31}},"1":{"start":{"line":16,"column":0},"end":{"line":16,"column":29}},"2":{"start":{"line":18,"column":0},"end":{"line":18,"column":38}},"3":{"start":{"line":20,"column":0},"end":{"line":20,"column":44}},"4":{"start":{"line":21,"column":0},"end":{"line":21,"column":50}},"5":{"start":{"line":22,"column":0},"end":{"line":22,"column":55}},"6":{"start":{"line":23,"column":0},"end":{"line":23,"column":43}}},"fnMap":{},"branchMap":{},"s":{"0":3,"1":3,"2":3,"3":3,"4":3,"5":3,"6":3},"f":{},"b":{},"inputSourceMap":null,"_coverageSchema":"1a1c01bbd47fc00a2c39e90264f33305004495a9","hash":"9d5fe5be669e48fed5c272c7a6d3a619c889b522"}
,"C:\\Users\\LENOVO\\Desktop\\Porfolio Projects\\blog-platform-api\\src\\routes\\index.js": {"path":"C:\\Users\\LENOVO\\Desktop\\Porfolio Projects\\blog-platform-api\\src\\routes\\index.js","statementMap":{"0":{"start":{"line":3,"column":15},"end":{"line":3,"column":31}},"1":{"start":{"line":5,"column":0},"end":{"line":9,"column":3}},"2":{"start":{"line":6,"column":2},"end":{"line":8,"column":75}}},"fnMap":{"0":{"name":"(anonymous_0)","decl":{"start":{"line":5,"column":16},"end":{"line":5,"column":17}},"loc":{"start":{"line":5,"column":30},"end":{"line":9,"column":1}},"line":5}},"branchMap":{},"s":{"0":3,"1":3,"2":0},"f":{"0":0},"b":{},"inputSourceMap":null,"_coverageSchema":"1a1c01bbd47fc00a2c39e90264f33305004495a9","hash":"d795fdafac1dcdcb65dff0c6f17d2251045b37e8"}
,"C:\\Users\\LENOVO\\Desktop\\Porfolio Projects\\blog-platform-api\\src\\routes\\post.js": {"path":"C:\\Users\\LENOVO\\Desktop\\Porfolio Projects\\blog-platform-api\\src\\routes\\post.js","statementMap":{"0":{"start":{"line":14,"column":15},"end":{"line":14,"column":24}},"1":{"start":{"line":16,"column":0},"end":{"line":16,"column":26}},"2":{"start":{"line":17,"column":0},"end":{"line":17,"column":28}},"3":{"start":{"line":18,"column":0},"end":{"line":18,"column":35}},"4":{"start":{"line":19,"column":0},"end":{"line":19,"column":38}},"5":{"start":{"line":20,"column":0},"end":{"line":20,"column":40}},"6":{"start":{"line":21,"column":0},"end":{"line":21,"column":41}},"7":{"start":{"line":22,"column":0},"end":{"line":22,"column":47}},"8":{"start":{"line":23,"column":0},"end":{"line":23,"column":48}}},"fnMap":{},"branchMap":{},"s":{"0":3,"1":3,"2":3,"3":3,"4":3,"5":3,"6":3,"7":3,"8":3},"f":{},"b":{},"inputSourceMap":null,"_coverageSchema":"1a1c01bbd47fc00a2c39e90264f33305004495a9","hash":"59eb5390dbb1401da4b8dd061278597b9396e226"}
,"C:\\Users\\LENOVO\\Desktop\\Porfolio Projects\\blog-platform-api\\src\\routes\\user.js": {"path":"C:\\Users\\LENOVO\\Desktop\\Porfolio Projects\\blog-platform-api\\src\\routes\\user.js","statementMap":{"0":{"start":{"line":6,"column":15},"end":{"line":6,"column":24}},"1":{"start":{"line":8,"column":0},"end":{"line":8,"column":35}},"2":{"start":{"line":9,"column":0},"end":{"line":9,"column":29}},"3":{"start":{"line":10,"column":0},"end":{"line":10,"column":41}}},"fnMap":{},"branchMap":{},"s":{"0":3,"1":3,"2":3,"3":3},"f":{},"b":{},"inputSourceMap":null,"_coverageSchema":"1a1c01bbd47fc00a2c39e90264f33305004495a9","hash":"9b47463bd8a6530c282fca8fc13359f52e32ea62"}
}
